[0mGET / [36m302[0m 75.830 ms - 46[0m
[0mGET / [36m302[0m 284.877 ms - 46[0m
[0mGET / [36m302[0m 65.291 ms - 46[0m
[0mGET / [36m302[0m 116.526 ms - 46[0m
[0mGET / [36m302[0m 40.612 ms - 46[0m
[0mGET / [36m302[0m 18.620 ms - 46[0m
[0mGET / [36m302[0m 57.097 ms - 46[0m
[0mGET / [36m302[0m 70.911 ms - 46[0m
[0mGET / [36m302[0m 68.930 ms - 46[0m
[0mGET / [36m302[0m 69.603 ms - 46[0m
[0mGET / [36m302[0m 54.313 ms - 46[0m
[0mGET / [36m302[0m 79.948 ms - 46[0m
[0mGET / [36m302[0m 101.259 ms - 46[0m
[0mGET / [36m302[0m 62.136 ms - 46[0m
[0mGET / [36m302[0m 69.843 ms - 46[0m
[0mGET / [36m302[0m 20.196 ms - 46[0m
[0mGET / [36m302[0m 73.072 ms - 46[0m
[0mGET / [36m302[0m 60.710 ms - 46[0m
[0mGET / [36m302[0m 19.891 ms - 46[0m
[0mGET / [36m302[0m 18.050 ms - 46[0m
[0mGET / [36m302[0m 31.009 ms - 46[0m
[0mGET / [36m302[0m 59.573 ms - 46[0m
[0mGET / [36m302[0m 42.771 ms - 46[0m
[0mGET / [36m302[0m 41.747 ms - 46[0m
[0mGET / [36m302[0m 25.465 ms - 46[0m
[0mGET / [36m302[0m 40.722 ms - 46[0m
[0mGET / [36m302[0m 54.979 ms - 46[0m
[0mGET / [36m302[0m 74.724 ms - 46[0m
[0mGET / [36m302[0m 38.606 ms - 46[0m
[0mGET / [36m302[0m 55.845 ms - 46[0m
[0mGET / [36m302[0m 32.158 ms - 46[0m
[0mGET / [36m302[0m 39.101 ms - 46[0m
[0mGET / [36m302[0m 13.619 ms - 46[0m
[0mGET / [36m302[0m 30.336 ms - 46[0m
[0mGET / [36m302[0m 42.680 ms - 46[0m
[0mGET / [36m302[0m 45.546 ms - 46[0m
[0mGET / [36m302[0m 85.593 ms - 46[0m
[0mGET / [36m302[0m 111.748 ms - 46[0m
[0mGET / [36m302[0m 45.776 ms - 46[0m
[0mGET / [36m302[0m 61.965 ms - 46[0m
[0mGET / [36m302[0m 59.563 ms - 46[0m
[0mGET / [36m302[0m 33.691 ms - 46[0m
[0mGET / [36m302[0m 37.058 ms - 46[0m
[0mGET / [36m302[0m 155.602 ms - 46[0m
[0mGET / [36m302[0m 53.293 ms - 46[0m
[0mGET / [36m302[0m 51.749 ms - 46[0m
[0mGET / [36m302[0m 21.356 ms - 46[0m
[0mGET / [36m302[0m 63.904 ms - 46[0m
[0mGET / [36m302[0m 84.530 ms - 46[0m
[0mGET / [36m302[0m 48.901 ms - 46[0m
[0mGET / [36m302[0m 19.370 ms - 46[0m
[0mGET / [36m302[0m 42.041 ms - 46[0m
[0mGET / [36m302[0m 18.348 ms - 46[0m
[0mGET / [36m302[0m 17.344 ms - 46[0m
[0mGET / [36m302[0m 25.403 ms - 46[0m
[0mGET / [36m302[0m 25.930 ms - 46[0m
[0mGET / [36m302[0m 18.712 ms - 46[0m
[0mGET / [36m302[0m 22.377 ms - 46[0m
[0mGET / [36m302[0m 25.463 ms - 46[0m
[0mGET / [36m302[0m 21.382 ms - 46[0m
[0mGET / [36m302[0m 44.022 ms - 46[0m
[0mGET / [36m302[0m 35.030 ms - 46[0m
[0mGET / [36m302[0m 38.803 ms - 46[0m
[0mGET / [36m302[0m 51.375 ms - 46[0m
[0mGET / [36m302[0m 39.445 ms - 46[0m
[0mGET / [36m302[0m 15.117 ms - 46[0m
[0mGET / [36m302[0m 26.955 ms - 46[0m
[0mGET / [36m302[0m 25.852 ms - 46[0m
[0mGET / [36m302[0m 33.827 ms - 46[0m
[0mGET / [36m302[0m 27.189 ms - 46[0m
[0mGET / [36m302[0m 24.430 ms - 46[0m
[0mGET / [36m302[0m 37.809 ms - 46[0m
[0mGET / [36m302[0m 19.172 ms - 46[0m
[0mGET / [36m302[0m 40.965 ms - 46[0m
[0mGET / [36m302[0m 18.449 ms - 46[0m
[0mGET / [36m302[0m 25.056 ms - 46[0m
[0mGET / [36m302[0m 26.770 ms - 46[0m
[0mGET / [36m302[0m 26.688 ms - 46[0m
[0mGET / [36m302[0m 22.710 ms - 46[0m
[0mGET / [36m302[0m 27.658 ms - 46[0m
[0mGET / [36m302[0m 1193.615 ms - 46[0m
[0mGET / [36m302[0m 15.844 ms - 46[0m
[0mGET / [36m302[0m 15.478 ms - 46[0m
[0mGET / [36m302[0m 11.142 ms - 46[0m
[0mGET / [36m302[0m 11.708 ms - 46[0m
[0mGET / [36m302[0m 12.141 ms - 46[0m
[0mGET / [36m302[0m 13.695 ms - 46[0m
[0mGET / [36m302[0m 13.300 ms - 46[0m
[0mGET / [36m302[0m 13.443 ms - 46[0m
[0mGET / [36m302[0m 14.702 ms - 46[0m
[0mGET / [36m302[0m 9.452 ms - 46[0m
[0mGET / [36m302[0m 13.854 ms - 46[0m
[0mGET / [36m302[0m 12.764 ms - 46[0m
[0mGET / [36m302[0m 13.020 ms - 46[0m
[0mGET / [36m302[0m 14.557 ms - 46[0m
[0mGET / [36m302[0m 48.001 ms - 46[0m
[0mGET / [36m302[0m 19.013 ms - 46[0m
[0mGET / [36m302[0m 16.209 ms - 46[0m
[0mGET / [36m302[0m 13.700 ms - 46[0m
[0mGET / [36m302[0m 13.242 ms - 46[0m
[0mGET / [32m200[0m 231.245 ms - 2226[0m
[0mGET / [36m302[0m 113.868 ms - 46[0m
[0mGET / [36m302[0m 17.323 ms - 46[0m
[0mGET / [36m302[0m 23.315 ms - 46[0m
[0mGET / [36m302[0m 22.103 ms - 46[0m
[0mGET / [36m302[0m 22.484 ms - 46[0m
[0mGET / [36m302[0m 19.772 ms - 46[0m
[0mGET / [36m302[0m 142.666 ms - 46[0m
[0mGET / [36m302[0m 27.755 ms - 46[0m
[0mGET / [36m302[0m 27.239 ms - 46[0m
[0mGET / [36m302[0m 27.936 ms - 46[0m
[0mGET / [36m302[0m 49.131 ms - 46[0m
[0mGET / [36m302[0m 20.413 ms - 46[0m
[0mGET / [36m302[0m 36.279 ms - 46[0m
[0mGET / [36m302[0m 17.183 ms - 46[0m
[0mGET / [36m302[0m 16.737 ms - 46[0m
[0mGET / [36m302[0m 15.850 ms - 46[0m
[0mGET / [36m302[0m 16.327 ms - 46[0m
[0mGET / [36m302[0m 20.321 ms - 46[0m
[0mGET / [36m302[0m 26.135 ms - 46[0m
[0mGET / [36m302[0m 21.811 ms - 46[0m
[0mGET / [36m302[0m 268.816 ms - 46[0m
[0mGET / [36m302[0m 28.837 ms - 46[0m
[0mGET / [36m302[0m 23.205 ms - 46[0m
[0mGET / [36m302[0m 22.260 ms - 46[0m
[0mGET / [36m302[0m 18.400 ms - 46[0m
[0mGET / [36m302[0m 28.035 ms - 46[0m
[0mGET / [36m302[0m 16.011 ms - 46[0m
[0mGET / [36m302[0m 27.669 ms - 46[0m
[0mGET / [36m302[0m 21.291 ms - 46[0m
[0mGET / [36m302[0m 16.772 ms - 46[0m
[0mGET / [36m302[0m 12.598 ms - 46[0m
[0mGET / [36m302[0m 15.755 ms - 46[0m
[0mGET / [36m302[0m 16.718 ms - 46[0m
[0mGET / [36m302[0m 16.547 ms - 46[0m
[0mGET / [36m302[0m 19.786 ms - 46[0m
[0mGET / [36m302[0m 19.816 ms - 46[0m
[0mGET / [36m302[0m 24.231 ms - 46[0m
[0mGET / [36m302[0m 15.008 ms - 46[0m
[0mGET / [36m302[0m 15.182 ms - 46[0m
[0mGET / [36m302[0m 13.694 ms - 46[0m
[0mGET / [32m200[0m 57.733 ms - 2226[0m
[0mGET /users/sign-in [36m304[0m 26.974 ms - -[0m
[0mPOST /users/login [36m302[0m 49.346 ms - 122[0m
[0mGET /users/profile/5ed5b9c121402f1cec810815 [36m304[0m 69.878 ms - -[0m
[0mGET / [32m200[0m 344.654 ms - 12591[0m
[0mGET /users/profile/5ec9e76e7c875f27ac6b787d [32m200[0m 19.236 ms - 2215[0m
[0mGET / [36m304[0m 121.674 ms - -[0m
[0mGET / [32m200[0m 1074.131 ms - 1999[0m
[0mGET / [36m304[0m 62.755 ms - -[0m
[0mGET /favicon.ico [33m404[0m 20.214 ms - 150[0m
[0mGET /users/sign-in [36m304[0m 18.602 ms - -[0m
[0mPOST /users/login [36m302[0m 38.852 ms - 122[0m
[0mGET /users/profile/5ed5b9c121402f1cec810815 [36m304[0m 90.417 ms - -[0m
[0mGET / [31m500[0m 238.255 ms - 2084[0m
[0mGET / [31m500[0m 112.715 ms - 2718[0m
[0mGET / [32m200[0m 217.495 ms - 9416[0m
[0mGET / [32m200[0m 80.023 ms - 9378[0m
[0mGET /users/profile/5ec9e76e7c875f27ac6b787d [36m304[0m 13.285 ms - -[0m
[0mGET /chatting/get-chat-box?sender=5ed5b9c121402f1cec810815&&receiver=5ec9e76e7c875f27ac6b787d [32m200[0m 479.137 ms - 133[0m
[0mGET / [36m304[0m 71.769 ms - -[0m
[0mGET /chatting/get-chat-box?sender=5ed5b9c121402f1cec810815&&receiver=5ec9e76e7c875f27ac6b787d [32m200[0m 21.369 ms - 152[0m
[0mGET / [36m304[0m 62.358 ms - -[0m
[0mGET /chatting/get-chat-box?sender=5ed5b9c121402f1cec810815&&receiver=5ec9e76e7c875f27ac6b787d [36m304[0m 4.556 ms - -[0m
[0mGET / [36m304[0m 70.223 ms - -[0m
[0mGET /chatting/get-chat-box?sender=5ed5b9c121402f1cec810815&&receiver=5ec9e76e7c875f27ac6b787d [36m304[0m 3.969 ms - -[0m
[0mGET / [36m304[0m 82.934 ms - -[0m
[0mGET /chatting/get-chat-box?sender=5ed5b9c121402f1cec810815&&receiver=5ec9e76e7c875f27ac6b787d [36m304[0m 8.173 ms - -[0m
[0mGET / [36m304[0m 65.290 ms - -[0m
[0mGET /chatting/get-chat-box?sender=5ed5b9c121402f1cec810815&&receiver=5ec9e76e7c875f27ac6b787d [36m304[0m 11.434 ms - -[0m
[0mGET / [32m200[0m 87.523 ms - 9375[0m
[0mGET /chatting/get-chat-box?sender=5ed5b9c121402f1cec810815&receiver=5ec9e76e7c875f27ac6b787d [32m200[0m 14.449 ms - 152[0m
[0mGET / [36m304[0m 86.775 ms - -[0m
[0mGET /chatting/get-chat-box?sender=5ed5b9c121402f1cec810815&receiver=5ec9e76e7c875f27ac6b787d [36m304[0m 7.226 ms - -[0m
[0mGET / [36m304[0m 87.747 ms - -[0m
[0mGET /chatting/get-chat-box?sender=5ed5b9c121402f1cec810815&receiver=5ec9e76e7c875f27ac6b787d [36m304[0m 6.759 ms - -[0m
[0mGET / [36m304[0m 87.935 ms - -[0m
[0mGET /chatting/get-chat-box?sender=5ed5b9c121402f1cec810815&receiver=5ec9e76e7c875f27ac6b787d [36m304[0m 12.922 ms - -[0m
[0mGET / [36m304[0m 75.830 ms - -[0m
[0mGET /chatting/get-chat-box?sender=5ed5b9c121402f1cec810815&receiver=5ec9e76e7c875f27ac6b787d [36m304[0m 5.989 ms - -[0m
[0mGET / [32m200[0m 74.109 ms - 9445[0m
[0mGET / [31m500[0m 94.513 ms - 1886[0m
[0mGET / [32m200[0m 73.454 ms - 9483[0m
[0mGET /chatting/get-chat-box?sender=5ed5b9c121402f1cec810815&receiver=5ec9e76e7c875f27ac6b787d [36m304[0m 14.702 ms - -[0m
[0mGET / [36m304[0m 68.332 ms - -[0m
[0mGET /chatting/get-chat-box?sender=5ed5b9c121402f1cec810815&receiver=5ec9e76e7c875f27ac6b787d [36m304[0m 9.108 ms - -[0m
[0mGET / [36m304[0m 71.811 ms - -[0m
[0mGET /chatting/get-chat-box?sender=5ed5b9c121402f1cec810815&receiver=5ec9e76e7c875f27ac6b787d [36m304[0m 4.279 ms - -[0m
[0mGET /?message=%3Bkj [32m200[0m 60.588 ms - 9483[0m
[0mGET /chatting/get-chat-box?sender=5ed5b9c121402f1cec810815&receiver=5ec9e76e7c875f27ac6b787d [36m304[0m 4.551 ms - -[0m
[0mGET /?message=%3Bkj [36m304[0m 62.684 ms - -[0m
[0mGET /chatting/get-chat-box?sender=5ed5b9c121402f1cec810815&receiver=5ec9e76e7c875f27ac6b787d [36m304[0m 4.308 ms - -[0m
[0mGET /?message=la [32m200[0m 51.231 ms - 9483[0m
[0mGET /?message=la [32m200[0m 98.918 ms - 9473[0m
[0mGET /chatting/get-chat-box?sender=5ed5b9c121402f1cec810815&receiver=5ec9e76e7c875f27ac6b787d [36m304[0m 9.418 ms - -[0m
[0mGET /?message=Ritik [32m200[0m 56.541 ms - 9473[0m
[0mGET /chatting/get-chat-box?sender=5ed5b9c121402f1cec810815&receiver=5ec9e76e7c875f27ac6b787d [36m304[0m 5.140 ms - -[0m
[0mGET /?message= [32m200[0m 60.185 ms - 9473[0m
[0mGET /?message= [36m304[0m 88.595 ms - -[0m
[0mGET /chatting/get-chat-box?sender=5ed5b9c121402f1cec810815&receiver=5ec9e76e7c875f27ac6b787d [36m304[0m 8.063 ms - -[0m
[0mGET /?message=ss [32m200[0m 72.725 ms - 9473[0m
[0mGET /?message=ss [36m304[0m 50.696 ms - -[0m
[0mGET / [32m200[0m 54.085 ms - 9473[0m
[0mGET /chatting/get-chat-box?sender=5ed5b9c121402f1cec810815&receiver=5ec9e76e7c875f27ac6b787d [36m304[0m 5.029 ms - -[0m
[0mGET / [36m304[0m 55.218 ms - -[0m
[0mGET /chatting/get-chat-box?sender=5ed5b9c121402f1cec810815&receiver=5ec9e76e7c875f27ac6b787d [36m304[0m 4.942 ms - -[0m
[0mGET / [36m304[0m 101.122 ms - -[0m
[0mGET /chatting/get-chat-box?sender=5ed5b9c121402f1cec810815&receiver=5ec9e76e7c875f27ac6b787d [36m304[0m 9.648 ms - -[0m
[0mGET / [36m304[0m 93.933 ms - -[0m
[0mGET /chatting/get-chat-box?sender=5ed5b9c121402f1cec810815&receiver=5ec9e76e7c875f27ac6b787d [36m304[0m 10.063 ms - -[0m
[0mGET / [36m304[0m 94.348 ms - -[0m
[0mGET /chatting/get-chat-box?sender=5ed5b9c121402f1cec810815&receiver=5ec9e76e7c875f27ac6b787d [36m304[0m 8.095 ms - -[0m
[0mGET / [36m304[0m 90.528 ms - -[0m
[0mGET /chatting/get-chat-box?sender=5ed5b9c121402f1cec810815&receiver=5ec9e76e7c875f27ac6b787d [36m304[0m 10.505 ms - -[0m
[0mGET / [36m304[0m 82.551 ms - -[0m
[0mGET /chatting/get-chat-box?sender=5ed5b9c121402f1cec810815&receiver=5ec9e76e7c875f27ac6b787d [36m304[0m 11.208 ms - -[0m
[0mGET / [36m304[0m 59.971 ms - -[0m
[0mGET /chatting/get-chat-box?sender=5ed5b9c121402f1cec810815&receiver=5ec9e76e7c875f27ac6b787d [36m304[0m 4.946 ms - -[0m
[0mGET / [36m304[0m 87.762 ms - -[0m
[0mGET /chatting/get-chat-box?sender=5ed5b9c121402f1cec810815&receiver=5ec9e76e7c875f27ac6b787d [36m304[0m 8.085 ms - -[0m
[0mGET / [31m500[0m 86.428 ms - 2032[0m
[0mGET / [32m200[0m 28.462 ms - 1973[0m
[0mGET /users/sign-in [32m200[0m 16.538 ms - 2225[0m
[0mPOST /users/login [36m302[0m 35.258 ms - 122[0m
[0mGET /users/profile/5ec9e76e7c875f27ac6b787d [32m200[0m 81.849 ms - 3048[0m
[0mGET / [32m200[0m 54.414 ms - 8694[0m
[0mGET /chatting/get-chat-box?sender=5ec9e76e7c875f27ac6b787d&receiver=5ed5b9c121402f1cec810815 [32m200[0m 4.689 ms - 152[0m
[0mGET / [32m200[0m 81.671 ms - 9478[0m
[0mGET /chatting/get-chat-box?sender=5ed5b9c121402f1cec810815&receiver=5ec9e76e7c875f27ac6b787d [36m304[0m 7.025 ms - -[0m
[0mGET / [36m304[0m 57.055 ms - -[0m
[0mGET /chatting/get-chat-box?sender=5ec9e76e7c875f27ac6b787d&receiver=5ed5b9c121402f1cec810815 [36m304[0m 4.796 ms - -[0m
[0mGET / [36m304[0m 58.697 ms - -[0m
[0mGET /chatting/get-chat-box?sender=5ec9e76e7c875f27ac6b787d&receiver=5ed5b9c121402f1cec810815 [36m304[0m 4.216 ms - -[0m
[0mGET / [36m304[0m 47.130 ms - -[0m
[0mGET /chatting/get-chat-box?sender=5ed5b9c121402f1cec810815&receiver=5ec9e76e7c875f27ac6b787d [36m304[0m 4.810 ms - -[0m
[0mGET / [36m304[0m 91.808 ms - -[0m
[0mGET /chatting/get-chat-box?sender=5ed5b9c121402f1cec810815&receiver=5ec9e76e7c875f27ac6b787d [36m304[0m 7.040 ms - -[0m
[0mGET / [36m304[0m 59.604 ms - -[0m
[0mGET /chatting/get-chat-box?sender=5ed5b9c121402f1cec810815&receiver=5ec9e76e7c875f27ac6b787d [36m304[0m 4.835 ms - -[0m
[0mGET / [36m304[0m 101.343 ms - -[0m
[0mGET /chatting/get-chat-box?sender=5ed5b9c121402f1cec810815&receiver=5ec9e76e7c875f27ac6b787d [36m304[0m 7.539 ms - -[0m
[0mGET / [36m304[0m 62.767 ms - -[0m
[0mGET /chatting/get-chat-box?sender=5ec9e76e7c875f27ac6b787d&receiver=5ed5b9c121402f1cec810815 [32m200[0m 5.307 ms - 285[0m
[0mGET / [36m304[0m 58.784 ms - -[0m
[0mGET /chatting/get-chat-box?sender=5ec9e76e7c875f27ac6b787d&receiver=5ed5b9c121402f1cec810815 [32m200[0m 5.422 ms - 418[0m
[0mGET / [36m304[0m 49.992 ms - -[0m
[0mGET /chatting/get-chat-box?sender=5ed5b9c121402f1cec810815&receiver=5ec9e76e7c875f27ac6b787d [32m200[0m 6.522 ms - 418[0m
[0mGET / [36m304[0m 70.989 ms - -[0m
[0mGET /chatting/get-chat-box?sender=5ed5b9c121402f1cec810815&receiver=5ec9e76e7c875f27ac6b787d [36m304[0m 5.514 ms - -[0m
[0mGET / [36m304[0m 87.502 ms - -[0m
[0mGET /chatting/get-chat-box?sender=5ed5b9c121402f1cec810815&receiver=5ec9e76e7c875f27ac6b787d [32m200[0m 15.717 ms - 916[0m
[0mGET / [36m304[0m 55.652 ms - -[0m
[0mGET /chatting/get-chat-box?sender=5ec9e76e7c875f27ac6b787d&receiver=5ed5b9c121402f1cec810815 [32m200[0m 10.885 ms - 916[0m
[0mGET / [36m304[0m 54.802 ms - -[0m
[0mGET /chatting/get-chat-box?sender=5ec9e76e7c875f27ac6b787d&receiver=5ed5b9c121402f1cec810815 [32m200[0m 9.232 ms - 1241[0m
[0mGET / [36m304[0m 65.816 ms - -[0m
[0mGET /chatting/get-chat-box?sender=5ed5b9c121402f1cec810815&receiver=5ec9e76e7c875f27ac6b787d [32m200[0m 11.643 ms - 1241[0m
[0mGET /chatting/get-chat-box?sender=5ed5b9c121402f1cec810815&receiver=5ecc4f8d2971122fe87564a0 [32m200[0m 9.896 ms - 133[0m
[0mGET / [32m200[0m 50.830 ms - 1973[0m
[0mGET /users/sign-in [36m304[0m 5.908 ms - -[0m
[0mPOST /users/login [36m302[0m 11.950 ms - 122[0m
[0mGET /users/profile/5ed5b9c121402f1cec810815 [36m304[0m 55.994 ms - -[0m
[0mGET / [32m200[0m 70.499 ms - 9478[0m
[0mGET /chatting/get-chat-box?sender=5ed5b9c121402f1cec810815&receiver=5ec9e76e7c875f27ac6b787d [36m304[0m 12.449 ms - -[0m
[0mGET /posts/delete?postId=5eec2a4bd38d3d1ea882a8e9 [32m200[0m 364.100 ms - 71[0m
[0mGET /posts/delete?postId=5eea1d0fb27ea534445eb01b [32m200[0m 16.455 ms - 71[0m
[0mGET /chatting/get-chat-box?sender=5ed5b9c121402f1cec810815&receiver=5ecc4f8d2971122fe87564a0 [32m200[0m 4.463 ms - 152[0m
[0mGET / [32m200[0m 42.241 ms - 5454[0m
[0mGET /chatting/get-chat-box?sender=5ed5b9c121402f1cec810815&receiver=5ec9e76e7c875f27ac6b787d [36m304[0m 12.909 ms - -[0m
[0mGET /chatting/get-chat-box?sender=5ed5b9c121402f1cec810815&receiver=5ecc4f8d2971122fe87564a0 [36m304[0m 5.090 ms - -[0m
[0mGET / [36m304[0m 59.479 ms - -[0m
[0mGET /chatting/get-chat-box?sender=5ed5b9c121402f1cec810815&receiver=5ec9e76e7c875f27ac6b787d [36m304[0m 13.387 ms - -[0m
[0mGET /chatting/get-chat-box?sender=5ed5b9c121402f1cec810815&receiver=5ec9e76e7c875f27ac6b787d [36m304[0m 8.995 ms - -[0m
[0mGET /chatting/get-chat-box?sender=5ed5b9c121402f1cec810815&receiver=5ecc4f8d2971122fe87564a0 [36m304[0m 5.866 ms - -[0m
[0mGET /users/sign-out [36m302[0m 5.204 ms - 72[0m
[0mGET /users/sign-in [32m200[0m 8.661 ms - 2486[0m
[0mPOST /users/login [36m302[0m 4.632 ms - 122[0m
[0mGET /users/profile/5ecc4f8d2971122fe87564a0 [32m200[0m 16.244 ms - 3019[0m
[0mGET / [32m200[0m 25.598 ms - 4014[0m
[0mGET /chatting/get-chat-box?sender=5ecc4f8d2971122fe87564a0&receiver=5ed5b9c121402f1cec810815 [32m200[0m 7.744 ms - 587[0m
[0mGET / [36m304[0m 23.263 ms - -[0m
[0mGET /users/profile/5ecc4f8d2971122fe87564a0 [32m200[0m 18.527 ms - 2746[0m
[0mGET /users/profile/5ed5b9c121402f1cec810815 [32m200[0m 19.432 ms - 2526[0m
[0mGET /users/profile/5ee0f159fc170c3930582b90 [32m200[0m 17.949 ms - 2317[0m
[0mGET / [36m304[0m 38.504 ms - -[0m
[0mGET / [36m304[0m 56.977 ms - -[0m
[0mGET /chatting/get-chat-box?sender=5ed5b9c121402f1cec810815&receiver=5ec9e76e7c875f27ac6b787d [36m304[0m 17.826 ms - -[0m
[0mGET / [36m304[0m 40.003 ms - -[0m
[0mGET /chatting/get-chat-box?sender=5ed5b9c121402f1cec810815&receiver=5ec9e76e7c875f27ac6b787d [36m304[0m 9.737 ms - -[0m
[0mGET /chatting/get-chat-box?sender=5ed5b9c121402f1cec810815&receiver=5ecc4f8d2971122fe87564a0 [32m200[0m 7.560 ms - 587[0m
[0mGET / [36m304[0m 31.043 ms - -[0m
[0mGET /chatting/get-chat-box?sender=5ed5b9c121402f1cec810815&receiver=5ec9e76e7c875f27ac6b787d [36m304[0m 9.174 ms - -[0m
[0mGET /chatting/get-chat-box?sender=5ed5b9c121402f1cec810815&receiver=5ecc4f8d2971122fe87564a0 [36m304[0m 6.950 ms - -[0m
[0mGET / [36m304[0m 31.039 ms - -[0m
[0mGET /chatting/get-chat-box?sender=5ed5b9c121402f1cec810815&receiver=5ec9e76e7c875f27ac6b787d [36m304[0m 8.570 ms - -[0m
[0mGET /chatting/get-chat-box?sender=5ed5b9c121402f1cec810815&receiver=5ecc4f8d2971122fe87564a0 [36m304[0m 7.367 ms - -[0m
[0mGET / [36m304[0m 1217.688 ms - -[0m
[0mGET / [32m200[0m 24.052 ms - 5454[0m
[0mGET /favicon.ico [33m404[0m 355.036 ms - 150[0m
[0mGET / [36m304[0m 37.403 ms - -[0m
[0mGET / [36m304[0m 42.515 ms - -[0m
[0mGET / [36m304[0m 56.136 ms - -[0m
[0mGET / [36m304[0m 581.636 ms - -[0m
[0mGET / [36m304[0m 128.317 ms - -[0m
[0mGET / [32m200[0m 777.298 ms - 1973[0m
[0mGET /favicon.ico [33m404[0m 6.268 ms - 150[0m
[0mGET /users/sign-in [36m304[0m 94.531 ms - -[0m
[0mPOST /users/login [36m302[0m 88.991 ms - 122[0m
[0mGET /users/sign-in [36m302[0m 3.224 ms - 122[0m
[0mGET /users/profile/5ed5b9c121402f1cec810815 [36m302[0m 2.163 ms - 72[0m
[0mGET /users/profile/5ed5b9c121402f1cec810815 [32m200[0m 232.872 ms - 3095[0m
[0mGET / [32m200[0m 152.433 ms - 5454[0m
[0mGET /chatting/get-chat-box?sender=5ed5b9c121402f1cec810815&receiver=5ec9e76e7c875f27ac6b787d [36m304[0m 51.587 ms - -[0m
[0mGET /chatting/get-chat-box?sender=5ed5b9c121402f1cec810815&receiver=5ecc4f8d2971122fe87564a0 [36m304[0m 9.799 ms - -[0m
[0mGET /chatting/get-chat-box?sender=5ed5b9c121402f1cec810815&receiver=5ee0f159fc170c3930582b90 [32m200[0m 39.340 ms - 133[0m
[0mGET / [32m200[0m 165.712 ms - 5534[0m
[0mGET /users/profile/5ed5b9c121402f1cec810815 [36m304[0m 40.560 ms - -[0m
[0mPOST /users/update [36m302[0m 245.682 ms - 164[0m
[0mGET /users/profile/5ed5b9c121402f1cec810815 [32m200[0m 45.383 ms - 3095[0m
[0mPOST /users/update [36m302[0m 25.014 ms - 164[0m
[0mGET /users/profile/5ed5b9c121402f1cec810815 [36m304[0m 24.412 ms - -[0m
[0mPOST /users/update [36m302[0m 49.261 ms - 164[0m
[0mGET /users/profile/5ed5b9c121402f1cec810815 [32m200[0m 28.307 ms - 3095[0m
[0mGET /users/profile/5ed5b9c121402f1cec810815 [36m304[0m 127.334 ms - -[0m
[0mGET / [32m200[0m 912.746 ms - 5530[0m
[0mPOST /posts/create [36m302[0m 137.364 ms - 44[0m
[0mGET / [36m304[0m 53.755 ms - -[0m
[0mPOST /posts/create [32m200[0m 96.954 ms - 261[0m
[0mGET / [32m200[0m 62.072 ms - 6739[0m
[0mGET / [32m200[0m 54.831 ms - 6739[0m
[0mGET /favicon.ico [33m404[0m 3.134 ms - 150[0m
[0mPOST /posts/create [32m200[0m 45.079 ms - 261[0m
[0mGET / [32m200[0m 57.136 ms - 7948[0m
[0mGET / [32m200[0m 60.323 ms - 7948[0m
[0mGET /favicon.ico [33m404[0m 2.846 ms - 150[0m
[0mPOST /posts/create [32m200[0m 28.933 ms - 263[0m
[0mGET / [32m200[0m 85.321 ms - 9159[0m
[0mGET / [32m200[0m 83.127 ms - 9159[0m
[0mGET /favicon.ico [33m404[0m 3.536 ms - 150[0m
[0mPOST /posts/create [32m200[0m 41.902 ms - 265[0m
[0mGET /users/sign-out [36m302[0m 9.072 ms - 72[0m
[0mGET /users/sign-in [32m200[0m 13.561 ms - 2486[0m
[0mGET /users/sign-in [32m200[0m 3.761 ms - 2225[0m
[0mGET /favicon.ico [33m404[0m 1.109 ms - 150[0m
[0mPOST /users/login [36m302[0m 7.292 ms - 122[0m
[0mGET /users/profile/5ed5b9c121402f1cec810815 [32m200[0m 28.853 ms - 3368[0m
[0mGET /users/profile/5ed5b9c121402f1cec810815 [32m200[0m 22.239 ms - 3095[0m
[0mGET /favicon.ico [33m404[0m 2.332 ms - 150[0m
[0mPOST /users/update [36m302[0m 77.888 ms - 164[0m
[0mGET /users/profile/5ed5b9c121402f1cec810815 [32m200[0m 29.261 ms - 3095[0m
[0mGET /users/profile/5ed5b9c121402f1cec810815 [32m200[0m 29.591 ms - 3095[0m
[0mGET /favicon.ico [33m404[0m 0.803 ms - 150[0m
[0mPOST /users/update [36m302[0m 48.264 ms - 164[0m
[0mGET /users/profile/5ed5b9c121402f1cec810815 [32m200[0m 47.109 ms - 3095[0m
[0mGET /users/profile/5ed5b9c121402f1cec810815 [32m200[0m 31.594 ms - 3095[0m
[0mGET /favicon.ico [33m404[0m 0.496 ms - 150[0m
[0mPOST /users/update [36m302[0m 43.626 ms - 164[0m
[0mGET /users/profile/5ed5b9c121402f1cec810815 [32m200[0m 30.383 ms - 3095[0m
[0mGET /uploads/users/avatars/avatar-1594394020268 [33m404[0m 15.387 ms - 181[0m
[0mGET /users/profile/5ed5b9c121402f1cec810815 [32m200[0m 19.288 ms - 3095[0m
[0mPOST /users/update [36m302[0m 20.387 ms - 164[0m
[0mGET /users/profile/5ed5b9c121402f1cec810815 [32m200[0m 21.455 ms - 3095[0m
[0mGET /users/profile/5ed5b9c121402f1cec810815 [32m200[0m 25.616 ms - 3095[0m
[0mGET /users/profile/5ec9e76e7c875f27ac6b787d [32m200[0m 17.462 ms - 2215[0m
[0mGET /users/profile/5ed5b9c121402f1cec810815 [36m304[0m 19.656 ms - -[0m
[0mGET / [32m200[0m 46.180 ms - 10372[0m
[0mGET /posts/delete?postId=5f08834930fd25335825494d [36m302[0m 140.313 ms - 88[0m
[0mGET / [32m200[0m 72.925 ms - 9417[0m
[0mGET /favicon.ico [33m404[0m 0.701 ms - 150[0m
[0mGET /posts/delete?postId=5f0884b4343ff23098a4d4ad [32m200[0m 7.370 ms - 71[0m
[0mGET /users/profile/5ed5b9c121402f1cec810815 [36m304[0m 13.723 ms - -[0m
[0mPOST /users/update [36m302[0m 22.756 ms - 164[0m
[0mGET /users/profile/5ed5b9c121402f1cec810815 [32m200[0m 12.645 ms - 3095[0m
[0mPOST /users/update [36m302[0m 20.284 ms - 164[0m
[0mGET /users/profile/5ed5b9c121402f1cec810815 [32m200[0m 23.361 ms - 3095[0m
[0mGET / [32m200[0m 84.554 ms - 7950[0m
[0mPOST /posts/create [32m200[0m 10.960 ms - 265[0m
[0mGET / [32m200[0m 93.111 ms - 9163[0m
[0mPOST /posts/create [32m200[0m 46.519 ms - 261[0m
[0mGET / [32m200[0m 68.587 ms - 10372[0m
[0mPOST /posts/create [36m302[0m 131.031 ms - 44[0m
[0mGET / [36m304[0m 61.068 ms - -[0m
[0mGET / [36m304[0m 162.923 ms - -[0m
[0mPOST /posts/create [32m200[0m 123.468 ms - 262[0m
[0mGET / [32m200[0m 72.560 ms - 11506[0m
[0mGET /posts/create?content=asdasd [33m404[0m 3.649 ms - 151[0m
[0mGET / [36m304[0m 97.495 ms - -[0m
[0mGET /posts/create?content=as [36m302[0m 134.245 ms - 44[0m
[0mGET / [36m304[0m 65.062 ms - -[0m
[0mGET /posts/create?content=as [36m302[0m 91.410 ms - 44[0m
[0mGET / [36m304[0m 47.408 ms - -[0m
[0mGET / [36m304[0m 98.271 ms - -[0m
[0mGET /posts/create?content=as [32m200[0m 17.916 ms - 263[0m
[0mGET / [32m200[0m 105.576 ms - 11536[0m
[0mGET / [32m200[0m 96.446 ms - 11582[0m
[0mPOST /posts/create [36m302[0m 78.218 ms - 44[0m
[0mGET / [36m304[0m 87.728 ms - -[0m
[0mGET / [36m304[0m 68.112 ms - -[0m
[0mGET /posts/create?content=as [36m302[0m 144.989 ms - 44[0m
[0mGET / [36m304[0m 62.966 ms - -[0m
[0mGET /posts/create?content=as [36m302[0m 99.636 ms - 44[0m
[0mGET / [36m304[0m 58.191 ms - -[0m
[0mGET /posts/create?content=as [36m302[0m 97.722 ms - 44[0m
[0mGET / [36m304[0m 57.132 ms - -[0m
[0mGET / [36m304[0m 167.979 ms - -[0m
[0mGET / [36m304[0m 55.087 ms - -[0m
[0mPOST /posts/create [36m302[0m 1732.535 ms - 44[0m
[0mGET / [36m304[0m 70.050 ms - -[0m
[0mGET / [36m304[0m 52.161 ms - -[0m
[0mPOST /posts/create [36m302[0m 116.909 ms - 44[0m
[0mGET / [36m304[0m 62.524 ms - -[0m
[0mGET / [36m304[0m 56.453 ms - -[0m
[0mPOST /posts/create [36m302[0m 86.086 ms - 44[0m
[0mGET / [36m304[0m 45.141 ms - -[0m
[0mGET / [36m304[0m 59.556 ms - -[0m
[0mPOST /posts/create [36m302[0m 77.739 ms - 44[0m
[0mGET / [36m304[0m 72.286 ms - -[0m
[0mGET / [36m304[0m 51.998 ms - -[0m
[0mPOST /posts/create [36m302[0m 94.013 ms - 44[0m
[0mGET / [36m304[0m 48.619 ms - -[0m
[0mPOST /posts/create [36m302[0m 45.331 ms - 44[0m
[0mGET / [36m304[0m 72.898 ms - -[0m
[0mPOST /posts/create [36m302[0m 49.055 ms - 44[0m
[0mGET / [36m304[0m 148.189 ms - -[0m
[0mGET / [36m304[0m 95.728 ms - -[0m
[0mPOST /posts/create [36m302[0m 97.401 ms - 44[0m
[0mGET / [36m304[0m 59.409 ms - -[0m
[0mGET / [36m304[0m 63.473 ms - -[0m
[0mPOST /posts/create [36m302[0m 84.475 ms - 44[0m
[0mGET / [36m304[0m 46.367 ms - -[0m
[0mGET / [36m304[0m 81.927 ms - -[0m
[0mPOST /posts/create [36m302[0m 146.464 ms - 44[0m
[0mGET / [36m304[0m 63.497 ms - -[0m
[0mGET / [36m304[0m 96.816 ms - -[0m
[0mPOST /posts/create [36m302[0m 122.644 ms - 44[0m
[0mGET / [36m304[0m 64.190 ms - -[0m
[0mGET / [36m304[0m 97.525 ms - -[0m
[0mPOST /posts/create [31m500[0m 36.827 ms - 259[0m
[0mGET / [36m304[0m 90.808 ms - -[0m
[0mPOST /posts/create [32m200[0m 159.735 ms - 262[0m
[0mGET / [32m200[0m 56.576 ms - 1973[0m
[0mGET / [36m304[0m 20.727 ms - -[0m
[0mGET /users/sign-in [32m200[0m 32.279 ms - 2225[0m
[0mPOST /users/login [36m302[0m 53.261 ms - 122[0m
[0mGET /users/profile/5ed5b9c121402f1cec810815 [32m200[0m 80.716 ms - 3368[0m
[0mGET / [32m200[0m 59.153 ms - 12890[0m
[0mPOST /posts/create [32m200[0m 57.255 ms - 261[0m
[0mGET /undefined [33m404[0m 1.476 ms - 148[0m
[0mGET / [32m200[0m 62.066 ms - 14226[0m
[0mPOST /posts/create [32m200[0m 29.515 ms - 265[0m
[0mGET /undefined [33m404[0m 2.830 ms - 148[0m
[0mGET / [32m200[0m 53.262 ms - 15453[0m
[0mPOST /posts/create [36m302[0m 33.168 ms - 46[0m
[0mGET / [32m200[0m 35.732 ms - 16935[0m
[0mPOST /posts/create [36m302[0m 15.835 ms - 46[0m
[0mGET / [32m200[0m 41.008 ms - 18160[0m
[0mPOST /posts/create [36m302[0m 21.268 ms - 46[0m
[0mGET / [32m200[0m 88.187 ms - 19383[0m
[0mPOST /posts/create [36m302[0m 83.371 ms - 46[0m
[0mGET / [32m200[0m 100.986 ms - 20463[0m
[0mPOST /posts/create [36m302[0m 17.588 ms - 46[0m
[0mGET / [32m200[0m 150.984 ms - 21943[0m
[0mPOST /posts/create [36m302[0m 18.575 ms - 46[0m
[0mGET / [32m200[0m 93.534 ms - 23170[0m
[0mGET /posts/add-delete-like?postId=5f08a09897c3e207a4d30c49 [0m-[0m - ms - -[0m
[0mGET /posts/add-delete-like?postId=5f08a09897c3e207a4d30c49 [0m-[0m - ms - -[0m
[0mGET /posts/add-delete-like?postId=5f08a06497c3e207a4d30c48 [0m-[0m - ms - -[0m
[0mGET /posts/add-delete-like?postId=5f08a04097c3e207a4d30c46 [0m-[0m - ms - -[0m
[0mGET /posts/add-delete-like?postId=5f08a02c97c3e207a4d30c45 [0m-[0m - ms - -[0m
[0mGET /posts/add-delete-like?postId=5f089fe0e1f8e7229c5eaae5 [0m-[0m - ms - -[0m
[0mGET /posts/add-delete-like?postId=5f089605c61cd316d0b4f07f [0m-[0m - ms - -[0m
[0mGET /posts/add-delete-like?postId=5f08837c40fe9d3340494745 [0m-[0m - ms - -[0m
[0mGET /posts/add-delete-like?postId=5f0883339e5e0b2fa81fc72e [0m-[0m - ms - -[0m
[0mPOST /posts/create [36m302[0m 42.754 ms - 46[0m
[0mGET / [32m200[0m 70.768 ms - 24443[0m
[0mPOST /posts/create [32m200[0m 15.606 ms - 262[0m
[0mGET /undefined [33m404[0m 1.720 ms - 148[0m
[0mPOST /posts/create [32m200[0m 16.271 ms - 262[0m
[0mGET /undefined [33m404[0m 0.716 ms - 148[0m
[0mGET / [32m200[0m 125.838 ms - 26635[0m
[0mPOST /posts/create [32m200[0m 48.765 ms - 264[0m
[0mGET /undefined [33m404[0m 6.815 ms - 148[0m
[0mGET / [32m200[0m 108.609 ms - 27861[0m
[0mPOST /posts/create [32m200[0m 47.022 ms - 262[0m
[0mGET /undefined [33m404[0m 2.727 ms - 148[0m
[0mGET / [32m200[0m 98.852 ms - 29085[0m
[0mPOST /posts/create [36m302[0m 34.656 ms - 46[0m
[0mGET / [32m200[0m 55.027 ms - 30565[0m
[0mGET / [32m200[0m 128.444 ms - 30367[0m
[0mGET / [32m200[0m 96.155 ms - 30311[0m
[0mPOST /posts/create [32m200[0m 36.372 ms - 261[0m
[0mPOST /posts/create [32m200[0m 23.574 ms - 262[0m
[0mPOST /posts/create [32m200[0m 292.181 ms - 262[0m
[0mGET / [32m200[0m 104.621 ms - 34095[0m
[0mPOST /posts/create [32m200[0m 206.536 ms - 261[0m
[0mGET / [32m200[0m 150.386 ms - 35431[0m
[0mPOST /posts/create [32m200[0m 68.346 ms - 262[0m
[0mGET / [32m200[0m 85.743 ms - 36768[0m
[0mPOST /posts/create [32m200[0m 20.567 ms - 262[0m
[0mGET / [32m200[0m 84.955 ms - 37992[0m
[0mGET / [36m304[0m 137.995 ms - -[0m
[0mPOST /posts/create [32m200[0m 74.377 ms - 262[0m
[0mGET / [32m200[0m 92.084 ms - 39329[0m
[0mPOST /posts/create [32m200[0m 1024.206 ms - 261[0m
[0mGET / [32m200[0m 115.525 ms - 40665[0m
[0mPOST /posts/create [32m200[0m 89.559 ms - 261[0m
[0mGET / [32m200[0m 96.962 ms - 42001[0m
[0mPOST /posts/create [32m200[0m 85.434 ms - 262[0m
[0mGET / [32m200[0m 101.211 ms - 43338[0m
[0mPOST /posts/create [32m200[0m 48.481 ms - 313[0m
[0mGET / [32m200[0m 150.918 ms - 44674[0m
[0mGET /uploads/posts/postImage-1594402606527 [33m404[0m 5.193 ms - 176[0m
[0mGET /uploads/posts/postImage-1594402344215 [33m404[0m 5.331 ms - 176[0m
[0mGET /uploads/posts/postImage-1594402404757 [33m404[0m 1.305 ms - 176[0m
[0mGET /uploads/posts/postImage-1594402315117 [33m404[0m 6.719 ms - 176[0m
[0mGET /uploads/posts/postImage-1594402100341 [33m404[0m 5.211 ms - 176[0m
[0mGET /uploads/posts/postImage-1594402241373 [33m404[0m 6.413 ms - 176[0m
[0mGET /uploads/posts/postImage-1594401990702 [33m404[0m 2.646 ms - 176[0m
[0mGET /uploads/posts/postImage-1594401866957 [33m404[0m 7.361 ms - 176[0m
[0mGET /uploads/posts/postImage-1594400854719 [33m404[0m 0.713 ms - 176[0m
[0mGET /uploads/posts/postImage-1594400346359 [33m404[0m 0.765 ms - 176[0m
[0mPOST /posts/create [32m200[0m 81.979 ms - 316[0m
[0mGET /posts/delete?postId=5f08ace8a6fb411e28fb6777 [36m302[0m 73.287 ms - 44[0m
[0mGET / [32m200[0m 100.039 ms - 44965[0m
[0mGET /posts/delete?postId=5f08ace8a6fb411e28fb6777 [0m-[0m - ms - -[0m
[0mGET /posts/delete?postId=5f08ace8a6fb411e28fb6777 [0m-[0m - ms - -[0m
[0mGET /posts/delete?postId=5f08ace8a6fb411e28fb6777 [0m-[0m - ms - -[0m
[0mGET /posts/delete?postId=5f08ace8a6fb411e28fb6777 [0m-[0m - ms - -[0m
[0mGET /posts/delete?postId=5f08ace8a6fb411e28fb6777 [0m-[0m - ms - -[0m
[0mGET /posts/delete?postId=5f08ace8a6fb411e28fb6777 [0m-[0m - ms - -[0m
[0mGET / [32m200[0m 143.761 ms - 44674[0m
[0mGET /uploads/posts/postImage-1594402606527 [33m404[0m 8.466 ms - 176[0m
[0mGET /uploads/posts/postImage-1594402404757 [33m404[0m 9.079 ms - 176[0m
[0mGET /uploads/posts/postImage-1594402344215 [33m404[0m 7.163 ms - 176[0m
[0mGET /uploads/posts/postImage-1594402315117 [33m404[0m 5.028 ms - 176[0m
[0mGET /uploads/posts/postImage-1594402241373 [33m404[0m 11.856 ms - 176[0m
[0mGET /uploads/posts/postImage-1594402100341 [33m404[0m 10.798 ms - 176[0m
[0mGET /uploads/posts/postImage-1594401990702 [33m404[0m 41.805 ms - 176[0m
[0mGET /uploads/posts/postImage-1594401866957 [33m404[0m 12.087 ms - 176[0m
[0mGET /uploads/posts/postImage-1594400854719 [33m404[0m 1.716 ms - 176[0m
[0mGET /uploads/posts/postImage-1594400346359 [33m404[0m 2.197 ms - 176[0m
[0mGET / [36m304[0m 117.833 ms - -[0m
[0mGET /uploads/posts/postImage-1594402606527 [33m404[0m 2.910 ms - 176[0m
[0mGET /uploads/posts/postImage-1594402404757 [33m404[0m 4.672 ms - 176[0m
[0mGET /uploads/posts/postImage-1594402344215 [33m404[0m 1.071 ms - 176[0m
[0mGET /uploads/posts/postImage-1594402315117 [33m404[0m 7.622 ms - 176[0m
[0mGET /uploads/posts/postImage-1594402241373 [33m404[0m 4.073 ms - 176[0m
[0mGET /uploads/posts/postImage-1594402100341 [33m404[0m 5.173 ms - 176[0m
[0mGET /uploads/posts/postImage-1594401990702 [33m404[0m 4.878 ms - 176[0m
[0mGET /uploads/posts/postImage-1594401866957 [33m404[0m 9.114 ms - 176[0m
[0mGET /uploads/posts/postImage-1594400854719 [33m404[0m 5.115 ms - 176[0m
[0mGET /uploads/posts/postImage-1594400346359 [33m404[0m 0.709 ms - 176[0m
[0mPOST /posts/create [32m200[0m 53.748 ms - 314[0m
[0mGET /posts/delete?postId=5f08ad78a6fb411e28fb6778 [36m302[0m 4.539 ms - 44[0m
[0mGET / [32m200[0m 108.830 ms - 44965[0m
[0mGET / [32m200[0m 307.455 ms - 44674[0m
[0mGET /uploads/posts/postImage-1594402606527 [33m404[0m 6.378 ms - 176[0m
[0mGET /uploads/posts/postImage-1594402404757 [33m404[0m 1.087 ms - 176[0m
[0mGET /uploads/posts/postImage-1594402344215 [33m404[0m 2.335 ms - 176[0m
[0mGET /uploads/posts/postImage-1594402315117 [33m404[0m 3.062 ms - 176[0m
[0mGET /uploads/posts/postImage-1594402241373 [33m404[0m 3.727 ms - 176[0m
[0mGET /uploads/posts/postImage-1594402100341 [33m404[0m 5.802 ms - 176[0m
[0mGET /uploads/posts/postImage-1594401990702 [33m404[0m 1.436 ms - 176[0m
[0mGET /uploads/posts/postImage-1594401866957 [33m404[0m 1.149 ms - 176[0m
[0mGET /uploads/posts/postImage-1594400854719 [33m404[0m 2.510 ms - 176[0m
[0mGET /uploads/posts/postImage-1594400346359 [33m404[0m 0.623 ms - 176[0m
[0mPOST /posts/create [32m200[0m 78.513 ms - 314[0m
[0mGET /posts/delete?postId=5f08ada1b996312930c0ef2b [36m302[0m 18.437 ms - 44[0m
[0mGET / [32m200[0m 96.048 ms - 46302[0m
[0mGET / [32m200[0m 165.893 ms - 46011[0m
[0mGET /uploads/posts/postImage-1594402404757 [33m404[0m 11.646 ms - 176[0m
[0mGET /uploads/posts/postImage-1594402344215 [33m404[0m 3.057 ms - 176[0m
[0mGET /uploads/posts/postImage-1594402315117 [33m404[0m 13.372 ms - 176[0m
[0mGET /uploads/posts/postImage-1594402241373 [33m404[0m 15.209 ms - 176[0m
[0mGET /uploads/posts/postImage-1594402100341 [33m404[0m 16.369 ms - 176[0m
[0mGET /uploads/posts/postImage-1594401990702 [33m404[0m 1.860 ms - 176[0m
[0mGET /uploads/posts/postImage-1594402606527 [33m404[0m 2.183 ms - 176[0m
[0mGET /uploads/posts/postImage-1594401866957 [33m404[0m 2.533 ms - 176[0m
[0mGET /uploads/posts/postImage-1594400854719 [33m404[0m 1.494 ms - 176[0m
[0mGET /uploads/posts/postImage-1594400346359 [33m404[0m 1.083 ms - 176[0m
[0mGET / [36m304[0m 574.451 ms - -[0m
[0mGET /uploads/posts/postImage-1594402606527 [33m404[0m 12.227 ms - 176[0m
[0mGET /uploads/posts/postImage-1594402404757 [33m404[0m 4.500 ms - 176[0m
[0mGET /uploads/posts/postImage-1594402344215 [33m404[0m 1.394 ms - 176[0m
[0mGET /uploads/posts/postImage-1594402315117 [33m404[0m 3.564 ms - 176[0m
[0mGET /uploads/posts/postImage-1594402241373 [33m404[0m 4.649 ms - 176[0m
[0mGET /uploads/posts/postImage-1594402100341 [33m404[0m 7.364 ms - 176[0m
[0mGET /uploads/posts/postImage-1594401990702 [33m404[0m 0.932 ms - 176[0m
[0mGET /uploads/posts/postImage-1594401866957 [33m404[0m 2.418 ms - 176[0m
[0mGET /uploads/posts/postImage-1594400854719 [33m404[0m 0.942 ms - 176[0m
[0mGET /uploads/posts/postImage-1594400346359 [33m404[0m 0.973 ms - 176[0m
[0mPOST /posts/create [32m200[0m 67.552 ms - 316[0m
[0mGET / [32m200[0m 139.925 ms - 47350[0m
[0mGET /uploads/posts/postImage-1594402606527 [33m404[0m 13.890 ms - 176[0m
[0mGET /uploads/posts/postImage-1594402404757 [33m404[0m 14.491 ms - 176[0m
[0mGET /uploads/posts/postImage-1594402241373 [33m404[0m 2.405 ms - 176[0m
[0mGET /uploads/posts/postImage-1594402315117 [33m404[0m 4.168 ms - 176[0m
[0mGET /uploads/posts/postImage-1594402344215 [33m404[0m 5.009 ms - 176[0m
[0mGET /uploads/posts/postImage-1594402100341 [33m404[0m 6.638 ms - 176[0m
[0mGET /uploads/posts/postImage-1594401990702 [33m404[0m 1.016 ms - 176[0m
[0mGET /uploads/posts/postImage-1594401866957 [33m404[0m 4.282 ms - 176[0m
[0mGET /uploads/posts/postImage-1594400854719 [33m404[0m 1.969 ms - 176[0m
[0mGET /uploads/posts/postImage-1594400346359 [33m404[0m 3.229 ms - 176[0m
[0mGET /posts/delete?postId=5f08af05ff8c4e2a5859c306 [32m200[0m 25.382 ms - 71[0m
[0mGET /posts/delete?postId=5f08ada1b996312930c0ef2b [32m200[0m 15.301 ms - 71[0m
[0mGET /posts/delete?postId=5f08a72eafaf2511382121df [32m200[0m 13.344 ms - 71[0m
[0mGET /posts/delete?postId=5f08a664ef8ac7283c2b4ca6 [32m200[0m 12.553 ms - 71[0m
[0mGET /posts/delete?postId=5f08a628d9345f30387c0a73 [32m200[0m 14.465 ms - 71[0m
[0mGET / [32m200[0m 102.848 ms - 40665[0m
[0mGET /uploads/posts/postImage-1594402241373 [33m404[0m 10.140 ms - 176[0m
[0mGET /uploads/posts/postImage-1594402315117 [33m404[0m 3.273 ms - 176[0m
[0mGET /uploads/posts/postImage-1594402100341 [33m404[0m 3.963 ms - 176[0m
[0mGET /uploads/posts/postImage-1594401990702 [33m404[0m 6.729 ms - 176[0m
[0mGET /uploads/posts/postImage-1594401866957 [33m404[0m 7.701 ms - 176[0m
[0mGET /uploads/posts/postImage-1594400346359 [33m404[0m 4.944 ms - 176[0m
[0mGET /uploads/posts/postImage-1594400854719 [33m404[0m 7.404 ms - 176[0m
[0mPOST /posts/create [36m302[0m 135.793 ms - 44[0m
[0mGET / [36m304[0m 111.167 ms - -[0m
[0mPOST /posts/create [32m200[0m 61.549 ms - 313[0m
[0mGET /posts/delete?postId=5f08af9179f83027a4ddf094 [32m200[0m 17.959 ms - 71[0m
[0mGET /posts/delete?postId=5f08a60b120b6d2a54f9357d [36m302[0m 7.057 ms - 44[0m
[0mGET / [32m200[0m 98.183 ms - 40956[0m
[0mGET /posts/delete?postId=5f08a60b120b6d2a54f9357d [36m302[0m 4.374 ms - 44[0m
[0mGET / [36m304[0m 112.975 ms - -[0m
[0mGET /posts/delete?postId=5f08a60b120b6d2a54f9357d [36m302[0m 4.205 ms - 44[0m
[0mGET / [36m304[0m 77.348 ms - -[0m
[0mGET /posts/delete?postId=5f08a60b120b6d2a54f9357d [36m302[0m 4.636 ms - 44[0m
[0mGET / [36m304[0m 70.003 ms - -[0m
[0mGET /posts/delete?postId=5f08a60b120b6d2a54f9357d [36m302[0m 4.371 ms - 44[0m
[0mGET / [36m304[0m 89.541 ms - -[0m
[0mGET /posts/delete?postId=5f08a60b120b6d2a54f9357d [36m302[0m 5.749 ms - 44[0m
[0mGET / [36m304[0m 67.792 ms - -[0m
[0mGET /posts/delete?postId=5f08a60b120b6d2a54f9357d [36m302[0m 4.404 ms - 44[0m
[0mGET / [36m304[0m 59.044 ms - -[0m
[0mGET /posts/delete?postId=5f08a60b120b6d2a54f9357d [36m302[0m 4.564 ms - 44[0m
[0mGET / [36m304[0m 101.131 ms - -[0m
[0mGET /posts/delete?postId=5f08a60b120b6d2a54f9357d [36m302[0m 53.490 ms - 44[0m
[0mGET / [32m200[0m 84.074 ms - 40665[0m
[0mGET /posts/delete?postId=5f08a60b120b6d2a54f9357d [36m302[0m 47.491 ms - 44[0m
[0mGET / [32m200[0m 61.432 ms - 40956[0m
[0mGET /posts/delete?postId=5f08a60b120b6d2a54f9357d [36m302[0m 4.444 ms - 44[0m
[0mGET / [36m304[0m 95.443 ms - -[0m
[0mGET /posts/delete?postId=5f08a60b120b6d2a54f9357d [36m302[0m 3.835 ms - 44[0m
[0mGET / [36m304[0m 72.763 ms - -[0m
[0mGET /posts/delete?postId=5f08a60b120b6d2a54f9357d [36m302[0m 5.500 ms - 44[0m
[0mGET / [36m304[0m 76.876 ms - -[0m
[0mGET /posts/delete?postId=5f08a5c106c7e52d7092a173 [36m302[0m 4.215 ms - 44[0m
[0mGET / [36m304[0m 61.856 ms - -[0m
[0mGET /posts/delete?postId=5f08a60b120b6d2a54f9357d [36m302[0m 4.246 ms - 44[0m
[0mGET / [36m304[0m 100.362 ms - -[0m
[0mPOST /posts/create [32m200[0m 28.132 ms - 313[0m
[0mGET /posts/delete?postId=5f08b03c79f83027a4ddf095 [32m200[0m 10.729 ms - 71[0m
[0mGET /posts/delete?postId=5f08a60b120b6d2a54f9357d [36m302[0m 5.523 ms - 44[0m
[0mGET / [36m304[0m 78.565 ms - -[0m
[0mGET /posts/delete?postId=5f08a5c106c7e52d7092a173 [36m302[0m 5.021 ms - 44[0m
[0mGET / [36m304[0m 76.154 ms - -[0m
[0mGET /posts/delete?postId=5f08a534a6b4473150be5b8c [36m302[0m 4.174 ms - 44[0m
[0mGET / [36m304[0m 74.460 ms - -[0m
[0mGET /posts/delete?postId=5f08a4c6c8bd1c1e1c485fd5 [36m302[0m 4.816 ms - 44[0m
[0mGET / [36m304[0m 77.098 ms - -[0m
[0mGET / [32m200[0m 110.298 ms - 40665[0m
[0mGET /uploads/posts/postImage-1594402100341 [33m404[0m 4.974 ms - 176[0m
[0mGET /uploads/posts/postImage-1594402241373 [33m404[0m 4.806 ms - 176[0m
[0mGET /uploads/posts/postImage-1594402315117 [33m404[0m 3.582 ms - 176[0m
[0mGET /uploads/posts/postImage-1594401990702 [33m404[0m 6.186 ms - 176[0m
[0mGET /uploads/posts/postImage-1594401866957 [33m404[0m 7.266 ms - 176[0m
[0mGET /uploads/posts/postImage-1594400854719 [33m404[0m 7.116 ms - 176[0m
[0mGET /uploads/posts/postImage-1594400346359 [33m404[0m 0.753 ms - 176[0m
[0mPOST /posts/create [32m200[0m 89.529 ms - 313[0m
[0mGET /posts/delete?postId=5f08b067af9a040f8448b554 [32m200[0m 25.051 ms - 71[0m
[0mGET / [32m200[0m 59.313 ms - 4474[0m
[0mPOST /posts/create [32m200[0m 73.637 ms - 312[0m
[0mGET / [32m200[0m 57.368 ms - 5794[0m
[0mGET / [32m200[0m 55.035 ms - 5780[0m
[0mGET / [32m200[0m 49.052 ms - 5794[0m
[0mGET / [32m200[0m 53.580 ms - 5809[0m
[0mGET / [32m200[0m 65.887 ms - 5794[0m
[0mPOST /posts/create [32m200[0m 12.040 ms - 263[0m
[0mPOST /posts/create [32m200[0m 42.289 ms - 315[0m
[0mPOST /posts/create [32m200[0m 17.480 ms - 263[0m
[0mPOST /posts/create [32m200[0m 21.664 ms - 263[0m
[0mPOST /posts/create [32m200[0m 18.836 ms - 263[0m
[0mPOST /posts/create [32m200[0m 36.718 ms - 315[0m
[0mPOST /posts/create [32m200[0m 14.704 ms - 263[0m
[0mPOST /posts/create [32m200[0m 14.689 ms - 263[0m
[0mGET /posts/delete?postId=5f08b33904ffec205c27bf78 [32m200[0m 22.856 ms - 71[0m
[0mGET /posts/delete?postId=5f08b30b04ffec205c27bf74 [32m200[0m 11.062 ms - 71[0m
[0mGET /posts/delete?postId=5f08b17d04ffec205c27bf72 [32m200[0m 13.173 ms - 71[0m
