[0mGET / [36m302[0m 75.830 ms - 46[0m
[0mGET / [36m302[0m 284.877 ms - 46[0m
[0mGET / [36m302[0m 65.291 ms - 46[0m
[0mGET / [36m302[0m 116.526 ms - 46[0m
[0mGET / [36m302[0m 40.612 ms - 46[0m
[0mGET / [36m302[0m 18.620 ms - 46[0m
[0mGET / [36m302[0m 57.097 ms - 46[0m
[0mGET / [36m302[0m 70.911 ms - 46[0m
[0mGET / [36m302[0m 68.930 ms - 46[0m
[0mGET / [36m302[0m 69.603 ms - 46[0m
[0mGET / [36m302[0m 54.313 ms - 46[0m
[0mGET / [36m302[0m 79.948 ms - 46[0m
[0mGET / [36m302[0m 101.259 ms - 46[0m
[0mGET / [36m302[0m 62.136 ms - 46[0m
[0mGET / [36m302[0m 69.843 ms - 46[0m
[0mGET / [36m302[0m 20.196 ms - 46[0m
[0mGET / [36m302[0m 73.072 ms - 46[0m
[0mGET / [36m302[0m 60.710 ms - 46[0m
[0mGET / [36m302[0m 19.891 ms - 46[0m
[0mGET / [36m302[0m 18.050 ms - 46[0m
[0mGET / [36m302[0m 31.009 ms - 46[0m
[0mGET / [36m302[0m 59.573 ms - 46[0m
[0mGET / [36m302[0m 42.771 ms - 46[0m
[0mGET / [36m302[0m 41.747 ms - 46[0m
[0mGET / [36m302[0m 25.465 ms - 46[0m
[0mGET / [36m302[0m 40.722 ms - 46[0m
[0mGET / [36m302[0m 54.979 ms - 46[0m
[0mGET / [36m302[0m 74.724 ms - 46[0m
[0mGET / [36m302[0m 38.606 ms - 46[0m
[0mGET / [36m302[0m 55.845 ms - 46[0m
[0mGET / [36m302[0m 32.158 ms - 46[0m
[0mGET / [36m302[0m 39.101 ms - 46[0m
[0mGET / [36m302[0m 13.619 ms - 46[0m
[0mGET / [36m302[0m 30.336 ms - 46[0m
[0mGET / [36m302[0m 42.680 ms - 46[0m
[0mGET / [36m302[0m 45.546 ms - 46[0m
[0mGET / [36m302[0m 85.593 ms - 46[0m
[0mGET / [36m302[0m 111.748 ms - 46[0m
[0mGET / [36m302[0m 45.776 ms - 46[0m
[0mGET / [36m302[0m 61.965 ms - 46[0m
[0mGET / [36m302[0m 59.563 ms - 46[0m
[0mGET / [36m302[0m 33.691 ms - 46[0m
[0mGET / [36m302[0m 37.058 ms - 46[0m
[0mGET / [36m302[0m 155.602 ms - 46[0m
[0mGET / [36m302[0m 53.293 ms - 46[0m
[0mGET / [36m302[0m 51.749 ms - 46[0m
[0mGET / [36m302[0m 21.356 ms - 46[0m
[0mGET / [36m302[0m 63.904 ms - 46[0m
[0mGET / [36m302[0m 84.530 ms - 46[0m
[0mGET / [36m302[0m 48.901 ms - 46[0m
[0mGET / [36m302[0m 19.370 ms - 46[0m
[0mGET / [36m302[0m 42.041 ms - 46[0m
[0mGET / [36m302[0m 18.348 ms - 46[0m
[0mGET / [36m302[0m 17.344 ms - 46[0m
[0mGET / [36m302[0m 25.403 ms - 46[0m
[0mGET / [36m302[0m 25.930 ms - 46[0m
[0mGET / [36m302[0m 18.712 ms - 46[0m
[0mGET / [36m302[0m 22.377 ms - 46[0m
[0mGET / [36m302[0m 25.463 ms - 46[0m
[0mGET / [36m302[0m 21.382 ms - 46[0m
[0mGET / [36m302[0m 44.022 ms - 46[0m
[0mGET / [36m302[0m 35.030 ms - 46[0m
[0mGET / [36m302[0m 38.803 ms - 46[0m
[0mGET / [36m302[0m 51.375 ms - 46[0m
[0mGET / [36m302[0m 39.445 ms - 46[0m
[0mGET / [36m302[0m 15.117 ms - 46[0m
[0mGET / [36m302[0m 26.955 ms - 46[0m
[0mGET / [36m302[0m 25.852 ms - 46[0m
[0mGET / [36m302[0m 33.827 ms - 46[0m
[0mGET / [36m302[0m 27.189 ms - 46[0m
[0mGET / [36m302[0m 24.430 ms - 46[0m
[0mGET / [36m302[0m 37.809 ms - 46[0m
[0mGET / [36m302[0m 19.172 ms - 46[0m
[0mGET / [36m302[0m 40.965 ms - 46[0m
[0mGET / [36m302[0m 18.449 ms - 46[0m
[0mGET / [36m302[0m 25.056 ms - 46[0m
[0mGET / [36m302[0m 26.770 ms - 46[0m
[0mGET / [36m302[0m 26.688 ms - 46[0m
[0mGET / [36m302[0m 22.710 ms - 46[0m
[0mGET / [36m302[0m 27.658 ms - 46[0m
[0mGET / [36m302[0m 1193.615 ms - 46[0m
[0mGET / [36m302[0m 15.844 ms - 46[0m
[0mGET / [36m302[0m 15.478 ms - 46[0m
[0mGET / [36m302[0m 11.142 ms - 46[0m
[0mGET / [36m302[0m 11.708 ms - 46[0m
[0mGET / [36m302[0m 12.141 ms - 46[0m
[0mGET / [36m302[0m 13.695 ms - 46[0m
[0mGET / [36m302[0m 13.300 ms - 46[0m
[0mGET / [36m302[0m 13.443 ms - 46[0m
[0mGET / [36m302[0m 14.702 ms - 46[0m
[0mGET / [36m302[0m 9.452 ms - 46[0m
[0mGET / [36m302[0m 13.854 ms - 46[0m
[0mGET / [36m302[0m 12.764 ms - 46[0m
[0mGET / [36m302[0m 13.020 ms - 46[0m
[0mGET / [36m302[0m 14.557 ms - 46[0m
[0mGET / [36m302[0m 48.001 ms - 46[0m
[0mGET / [36m302[0m 19.013 ms - 46[0m
[0mGET / [36m302[0m 16.209 ms - 46[0m
[0mGET / [36m302[0m 13.700 ms - 46[0m
[0mGET / [36m302[0m 13.242 ms - 46[0m
[0mGET / [32m200[0m 231.245 ms - 2226[0m
[0mGET / [36m302[0m 113.868 ms - 46[0m
[0mGET / [36m302[0m 17.323 ms - 46[0m
[0mGET / [36m302[0m 23.315 ms - 46[0m
[0mGET / [36m302[0m 22.103 ms - 46[0m
[0mGET / [36m302[0m 22.484 ms - 46[0m
[0mGET / [36m302[0m 19.772 ms - 46[0m
[0mGET / [36m302[0m 142.666 ms - 46[0m
[0mGET / [36m302[0m 27.755 ms - 46[0m
[0mGET / [36m302[0m 27.239 ms - 46[0m
[0mGET / [36m302[0m 27.936 ms - 46[0m
[0mGET / [36m302[0m 49.131 ms - 46[0m
[0mGET / [36m302[0m 20.413 ms - 46[0m
[0mGET / [36m302[0m 36.279 ms - 46[0m
[0mGET / [36m302[0m 17.183 ms - 46[0m
[0mGET / [36m302[0m 16.737 ms - 46[0m
[0mGET / [36m302[0m 15.850 ms - 46[0m
[0mGET / [36m302[0m 16.327 ms - 46[0m
[0mGET / [36m302[0m 20.321 ms - 46[0m
[0mGET / [36m302[0m 26.135 ms - 46[0m
[0mGET / [36m302[0m 21.811 ms - 46[0m
[0mGET / [36m302[0m 268.816 ms - 46[0m
[0mGET / [36m302[0m 28.837 ms - 46[0m
[0mGET / [36m302[0m 23.205 ms - 46[0m
[0mGET / [36m302[0m 22.260 ms - 46[0m
[0mGET / [36m302[0m 18.400 ms - 46[0m
[0mGET / [36m302[0m 28.035 ms - 46[0m
[0mGET / [36m302[0m 16.011 ms - 46[0m
[0mGET / [36m302[0m 27.669 ms - 46[0m
[0mGET / [36m302[0m 21.291 ms - 46[0m
[0mGET / [36m302[0m 16.772 ms - 46[0m
[0mGET / [36m302[0m 12.598 ms - 46[0m
[0mGET / [36m302[0m 15.755 ms - 46[0m
[0mGET / [36m302[0m 16.718 ms - 46[0m
[0mGET / [36m302[0m 16.547 ms - 46[0m
[0mGET / [36m302[0m 19.786 ms - 46[0m
[0mGET / [36m302[0m 19.816 ms - 46[0m
[0mGET / [36m302[0m 24.231 ms - 46[0m
[0mGET / [36m302[0m 15.008 ms - 46[0m
[0mGET / [36m302[0m 15.182 ms - 46[0m
[0mGET / [36m302[0m 13.694 ms - 46[0m
[0mGET / [32m200[0m 57.733 ms - 2226[0m
[0mGET /users/sign-in [36m304[0m 26.974 ms - -[0m
[0mPOST /users/login [36m302[0m 49.346 ms - 122[0m
[0mGET /users/profile/5ed5b9c121402f1cec810815 [36m304[0m 69.878 ms - -[0m
[0mGET / [32m200[0m 344.654 ms - 12591[0m
[0mGET /users/profile/5ec9e76e7c875f27ac6b787d [32m200[0m 19.236 ms - 2215[0m
[0mGET / [36m304[0m 121.674 ms - -[0m
[0mGET / [32m200[0m 1074.131 ms - 1999[0m
[0mGET / [36m304[0m 62.755 ms - -[0m
[0mGET /favicon.ico [33m404[0m 20.214 ms - 150[0m
[0mGET /users/sign-in [36m304[0m 18.602 ms - -[0m
[0mPOST /users/login [36m302[0m 38.852 ms - 122[0m
[0mGET /users/profile/5ed5b9c121402f1cec810815 [36m304[0m 90.417 ms - -[0m
[0mGET / [31m500[0m 238.255 ms - 2084[0m
[0mGET / [31m500[0m 112.715 ms - 2718[0m
[0mGET / [32m200[0m 217.495 ms - 9416[0m
[0mGET / [32m200[0m 80.023 ms - 9378[0m
[0mGET /users/profile/5ec9e76e7c875f27ac6b787d [36m304[0m 13.285 ms - -[0m
[0mGET /chatting/get-chat-box?sender=5ed5b9c121402f1cec810815&&receiver=5ec9e76e7c875f27ac6b787d [32m200[0m 479.137 ms - 133[0m
[0mGET / [36m304[0m 71.769 ms - -[0m
[0mGET /chatting/get-chat-box?sender=5ed5b9c121402f1cec810815&&receiver=5ec9e76e7c875f27ac6b787d [32m200[0m 21.369 ms - 152[0m
[0mGET / [36m304[0m 62.358 ms - -[0m
[0mGET /chatting/get-chat-box?sender=5ed5b9c121402f1cec810815&&receiver=5ec9e76e7c875f27ac6b787d [36m304[0m 4.556 ms - -[0m
[0mGET / [36m304[0m 70.223 ms - -[0m
[0mGET /chatting/get-chat-box?sender=5ed5b9c121402f1cec810815&&receiver=5ec9e76e7c875f27ac6b787d [36m304[0m 3.969 ms - -[0m
[0mGET / [36m304[0m 82.934 ms - -[0m
[0mGET /chatting/get-chat-box?sender=5ed5b9c121402f1cec810815&&receiver=5ec9e76e7c875f27ac6b787d [36m304[0m 8.173 ms - -[0m
[0mGET / [36m304[0m 65.290 ms - -[0m
[0mGET /chatting/get-chat-box?sender=5ed5b9c121402f1cec810815&&receiver=5ec9e76e7c875f27ac6b787d [36m304[0m 11.434 ms - -[0m
[0mGET / [32m200[0m 87.523 ms - 9375[0m
[0mGET /chatting/get-chat-box?sender=5ed5b9c121402f1cec810815&receiver=5ec9e76e7c875f27ac6b787d [32m200[0m 14.449 ms - 152[0m
[0mGET / [36m304[0m 86.775 ms - -[0m
[0mGET /chatting/get-chat-box?sender=5ed5b9c121402f1cec810815&receiver=5ec9e76e7c875f27ac6b787d [36m304[0m 7.226 ms - -[0m
[0mGET / [36m304[0m 87.747 ms - -[0m
[0mGET /chatting/get-chat-box?sender=5ed5b9c121402f1cec810815&receiver=5ec9e76e7c875f27ac6b787d [36m304[0m 6.759 ms - -[0m
[0mGET / [36m304[0m 87.935 ms - -[0m
[0mGET /chatting/get-chat-box?sender=5ed5b9c121402f1cec810815&receiver=5ec9e76e7c875f27ac6b787d [36m304[0m 12.922 ms - -[0m
[0mGET / [36m304[0m 75.830 ms - -[0m
[0mGET /chatting/get-chat-box?sender=5ed5b9c121402f1cec810815&receiver=5ec9e76e7c875f27ac6b787d [36m304[0m 5.989 ms - -[0m
[0mGET / [32m200[0m 74.109 ms - 9445[0m
[0mGET / [31m500[0m 94.513 ms - 1886[0m
[0mGET / [32m200[0m 73.454 ms - 9483[0m
[0mGET /chatting/get-chat-box?sender=5ed5b9c121402f1cec810815&receiver=5ec9e76e7c875f27ac6b787d [36m304[0m 14.702 ms - -[0m
[0mGET / [36m304[0m 68.332 ms - -[0m
[0mGET /chatting/get-chat-box?sender=5ed5b9c121402f1cec810815&receiver=5ec9e76e7c875f27ac6b787d [36m304[0m 9.108 ms - -[0m
[0mGET / [36m304[0m 71.811 ms - -[0m
[0mGET /chatting/get-chat-box?sender=5ed5b9c121402f1cec810815&receiver=5ec9e76e7c875f27ac6b787d [36m304[0m 4.279 ms - -[0m
[0mGET /?message=%3Bkj [32m200[0m 60.588 ms - 9483[0m
[0mGET /chatting/get-chat-box?sender=5ed5b9c121402f1cec810815&receiver=5ec9e76e7c875f27ac6b787d [36m304[0m 4.551 ms - -[0m
[0mGET /?message=%3Bkj [36m304[0m 62.684 ms - -[0m
[0mGET /chatting/get-chat-box?sender=5ed5b9c121402f1cec810815&receiver=5ec9e76e7c875f27ac6b787d [36m304[0m 4.308 ms - -[0m
[0mGET /?message=la [32m200[0m 51.231 ms - 9483[0m
[0mGET /?message=la [32m200[0m 98.918 ms - 9473[0m
[0mGET /chatting/get-chat-box?sender=5ed5b9c121402f1cec810815&receiver=5ec9e76e7c875f27ac6b787d [36m304[0m 9.418 ms - -[0m
[0mGET /?message=Ritik [32m200[0m 56.541 ms - 9473[0m
[0mGET /chatting/get-chat-box?sender=5ed5b9c121402f1cec810815&receiver=5ec9e76e7c875f27ac6b787d [36m304[0m 5.140 ms - -[0m
[0mGET /?message= [32m200[0m 60.185 ms - 9473[0m
[0mGET /?message= [36m304[0m 88.595 ms - -[0m
[0mGET /chatting/get-chat-box?sender=5ed5b9c121402f1cec810815&receiver=5ec9e76e7c875f27ac6b787d [36m304[0m 8.063 ms - -[0m
[0mGET /?message=ss [32m200[0m 72.725 ms - 9473[0m
[0mGET /?message=ss [36m304[0m 50.696 ms - -[0m
[0mGET / [32m200[0m 54.085 ms - 9473[0m
[0mGET /chatting/get-chat-box?sender=5ed5b9c121402f1cec810815&receiver=5ec9e76e7c875f27ac6b787d [36m304[0m 5.029 ms - -[0m
[0mGET / [36m304[0m 55.218 ms - -[0m
[0mGET /chatting/get-chat-box?sender=5ed5b9c121402f1cec810815&receiver=5ec9e76e7c875f27ac6b787d [36m304[0m 4.942 ms - -[0m
[0mGET / [36m304[0m 101.122 ms - -[0m
[0mGET /chatting/get-chat-box?sender=5ed5b9c121402f1cec810815&receiver=5ec9e76e7c875f27ac6b787d [36m304[0m 9.648 ms - -[0m
[0mGET / [36m304[0m 93.933 ms - -[0m
[0mGET /chatting/get-chat-box?sender=5ed5b9c121402f1cec810815&receiver=5ec9e76e7c875f27ac6b787d [36m304[0m 10.063 ms - -[0m
[0mGET / [36m304[0m 94.348 ms - -[0m
[0mGET /chatting/get-chat-box?sender=5ed5b9c121402f1cec810815&receiver=5ec9e76e7c875f27ac6b787d [36m304[0m 8.095 ms - -[0m
[0mGET / [36m304[0m 90.528 ms - -[0m
[0mGET /chatting/get-chat-box?sender=5ed5b9c121402f1cec810815&receiver=5ec9e76e7c875f27ac6b787d [36m304[0m 10.505 ms - -[0m
[0mGET / [36m304[0m 82.551 ms - -[0m
[0mGET /chatting/get-chat-box?sender=5ed5b9c121402f1cec810815&receiver=5ec9e76e7c875f27ac6b787d [36m304[0m 11.208 ms - -[0m
[0mGET / [36m304[0m 59.971 ms - -[0m
[0mGET /chatting/get-chat-box?sender=5ed5b9c121402f1cec810815&receiver=5ec9e76e7c875f27ac6b787d [36m304[0m 4.946 ms - -[0m
[0mGET / [36m304[0m 87.762 ms - -[0m
[0mGET /chatting/get-chat-box?sender=5ed5b9c121402f1cec810815&receiver=5ec9e76e7c875f27ac6b787d [36m304[0m 8.085 ms - -[0m
[0mGET / [31m500[0m 86.428 ms - 2032[0m
[0mGET / [32m200[0m 28.462 ms - 1973[0m
[0mGET /users/sign-in [32m200[0m 16.538 ms - 2225[0m
[0mPOST /users/login [36m302[0m 35.258 ms - 122[0m
[0mGET /users/profile/5ec9e76e7c875f27ac6b787d [32m200[0m 81.849 ms - 3048[0m
[0mGET / [32m200[0m 54.414 ms - 8694[0m
[0mGET /chatting/get-chat-box?sender=5ec9e76e7c875f27ac6b787d&receiver=5ed5b9c121402f1cec810815 [32m200[0m 4.689 ms - 152[0m
[0mGET / [32m200[0m 81.671 ms - 9478[0m
[0mGET /chatting/get-chat-box?sender=5ed5b9c121402f1cec810815&receiver=5ec9e76e7c875f27ac6b787d [36m304[0m 7.025 ms - -[0m
[0mGET / [36m304[0m 57.055 ms - -[0m
[0mGET /chatting/get-chat-box?sender=5ec9e76e7c875f27ac6b787d&receiver=5ed5b9c121402f1cec810815 [36m304[0m 4.796 ms - -[0m
[0mGET / [36m304[0m 58.697 ms - -[0m
[0mGET /chatting/get-chat-box?sender=5ec9e76e7c875f27ac6b787d&receiver=5ed5b9c121402f1cec810815 [36m304[0m 4.216 ms - -[0m
[0mGET / [36m304[0m 47.130 ms - -[0m
[0mGET /chatting/get-chat-box?sender=5ed5b9c121402f1cec810815&receiver=5ec9e76e7c875f27ac6b787d [36m304[0m 4.810 ms - -[0m
[0mGET / [36m304[0m 91.808 ms - -[0m
[0mGET /chatting/get-chat-box?sender=5ed5b9c121402f1cec810815&receiver=5ec9e76e7c875f27ac6b787d [36m304[0m 7.040 ms - -[0m
[0mGET / [36m304[0m 59.604 ms - -[0m
[0mGET /chatting/get-chat-box?sender=5ed5b9c121402f1cec810815&receiver=5ec9e76e7c875f27ac6b787d [36m304[0m 4.835 ms - -[0m
[0mGET / [36m304[0m 101.343 ms - -[0m
[0mGET /chatting/get-chat-box?sender=5ed5b9c121402f1cec810815&receiver=5ec9e76e7c875f27ac6b787d [36m304[0m 7.539 ms - -[0m
[0mGET / [36m304[0m 62.767 ms - -[0m
[0mGET /chatting/get-chat-box?sender=5ec9e76e7c875f27ac6b787d&receiver=5ed5b9c121402f1cec810815 [32m200[0m 5.307 ms - 285[0m
[0mGET / [36m304[0m 58.784 ms - -[0m
[0mGET /chatting/get-chat-box?sender=5ec9e76e7c875f27ac6b787d&receiver=5ed5b9c121402f1cec810815 [32m200[0m 5.422 ms - 418[0m
[0mGET / [36m304[0m 49.992 ms - -[0m
[0mGET /chatting/get-chat-box?sender=5ed5b9c121402f1cec810815&receiver=5ec9e76e7c875f27ac6b787d [32m200[0m 6.522 ms - 418[0m
[0mGET / [36m304[0m 70.989 ms - -[0m
[0mGET /chatting/get-chat-box?sender=5ed5b9c121402f1cec810815&receiver=5ec9e76e7c875f27ac6b787d [36m304[0m 5.514 ms - -[0m
[0mGET / [36m304[0m 87.502 ms - -[0m
[0mGET /chatting/get-chat-box?sender=5ed5b9c121402f1cec810815&receiver=5ec9e76e7c875f27ac6b787d [32m200[0m 15.717 ms - 916[0m
[0mGET / [36m304[0m 55.652 ms - -[0m
[0mGET /chatting/get-chat-box?sender=5ec9e76e7c875f27ac6b787d&receiver=5ed5b9c121402f1cec810815 [32m200[0m 10.885 ms - 916[0m
[0mGET / [36m304[0m 54.802 ms - -[0m
[0mGET /chatting/get-chat-box?sender=5ec9e76e7c875f27ac6b787d&receiver=5ed5b9c121402f1cec810815 [32m200[0m 9.232 ms - 1241[0m
[0mGET / [36m304[0m 65.816 ms - -[0m
[0mGET /chatting/get-chat-box?sender=5ed5b9c121402f1cec810815&receiver=5ec9e76e7c875f27ac6b787d [32m200[0m 11.643 ms - 1241[0m
[0mGET /chatting/get-chat-box?sender=5ed5b9c121402f1cec810815&receiver=5ecc4f8d2971122fe87564a0 [32m200[0m 9.896 ms - 133[0m
[0mGET / [32m200[0m 50.830 ms - 1973[0m
[0mGET /users/sign-in [36m304[0m 5.908 ms - -[0m
[0mPOST /users/login [36m302[0m 11.950 ms - 122[0m
[0mGET /users/profile/5ed5b9c121402f1cec810815 [36m304[0m 55.994 ms - -[0m
[0mGET / [32m200[0m 70.499 ms - 9478[0m
[0mGET /chatting/get-chat-box?sender=5ed5b9c121402f1cec810815&receiver=5ec9e76e7c875f27ac6b787d [36m304[0m 12.449 ms - -[0m
[0mGET /posts/delete?postId=5eec2a4bd38d3d1ea882a8e9 [32m200[0m 364.100 ms - 71[0m
[0mGET /posts/delete?postId=5eea1d0fb27ea534445eb01b [32m200[0m 16.455 ms - 71[0m
[0mGET /chatting/get-chat-box?sender=5ed5b9c121402f1cec810815&receiver=5ecc4f8d2971122fe87564a0 [32m200[0m 4.463 ms - 152[0m
[0mGET / [32m200[0m 42.241 ms - 5454[0m
[0mGET /chatting/get-chat-box?sender=5ed5b9c121402f1cec810815&receiver=5ec9e76e7c875f27ac6b787d [36m304[0m 12.909 ms - -[0m
[0mGET /chatting/get-chat-box?sender=5ed5b9c121402f1cec810815&receiver=5ecc4f8d2971122fe87564a0 [36m304[0m 5.090 ms - -[0m
[0mGET / [36m304[0m 59.479 ms - -[0m
[0mGET /chatting/get-chat-box?sender=5ed5b9c121402f1cec810815&receiver=5ec9e76e7c875f27ac6b787d [36m304[0m 13.387 ms - -[0m
[0mGET /chatting/get-chat-box?sender=5ed5b9c121402f1cec810815&receiver=5ec9e76e7c875f27ac6b787d [36m304[0m 8.995 ms - -[0m
[0mGET /chatting/get-chat-box?sender=5ed5b9c121402f1cec810815&receiver=5ecc4f8d2971122fe87564a0 [36m304[0m 5.866 ms - -[0m
[0mGET /users/sign-out [36m302[0m 5.204 ms - 72[0m
[0mGET /users/sign-in [32m200[0m 8.661 ms - 2486[0m
[0mPOST /users/login [36m302[0m 4.632 ms - 122[0m
[0mGET /users/profile/5ecc4f8d2971122fe87564a0 [32m200[0m 16.244 ms - 3019[0m
[0mGET / [32m200[0m 25.598 ms - 4014[0m
[0mGET /chatting/get-chat-box?sender=5ecc4f8d2971122fe87564a0&receiver=5ed5b9c121402f1cec810815 [32m200[0m 7.744 ms - 587[0m
[0mGET / [36m304[0m 23.263 ms - -[0m
[0mGET /users/profile/5ecc4f8d2971122fe87564a0 [32m200[0m 18.527 ms - 2746[0m
[0mGET /users/profile/5ed5b9c121402f1cec810815 [32m200[0m 19.432 ms - 2526[0m
[0mGET /users/profile/5ee0f159fc170c3930582b90 [32m200[0m 17.949 ms - 2317[0m
[0mGET / [36m304[0m 38.504 ms - -[0m
[0mGET / [36m304[0m 56.977 ms - -[0m
[0mGET /chatting/get-chat-box?sender=5ed5b9c121402f1cec810815&receiver=5ec9e76e7c875f27ac6b787d [36m304[0m 17.826 ms - -[0m
[0mGET / [36m304[0m 40.003 ms - -[0m
[0mGET /chatting/get-chat-box?sender=5ed5b9c121402f1cec810815&receiver=5ec9e76e7c875f27ac6b787d [36m304[0m 9.737 ms - -[0m
[0mGET /chatting/get-chat-box?sender=5ed5b9c121402f1cec810815&receiver=5ecc4f8d2971122fe87564a0 [32m200[0m 7.560 ms - 587[0m
[0mGET / [36m304[0m 31.043 ms - -[0m
[0mGET /chatting/get-chat-box?sender=5ed5b9c121402f1cec810815&receiver=5ec9e76e7c875f27ac6b787d [36m304[0m 9.174 ms - -[0m
[0mGET /chatting/get-chat-box?sender=5ed5b9c121402f1cec810815&receiver=5ecc4f8d2971122fe87564a0 [36m304[0m 6.950 ms - -[0m
[0mGET / [36m304[0m 31.039 ms - -[0m
[0mGET /chatting/get-chat-box?sender=5ed5b9c121402f1cec810815&receiver=5ec9e76e7c875f27ac6b787d [36m304[0m 8.570 ms - -[0m
[0mGET /chatting/get-chat-box?sender=5ed5b9c121402f1cec810815&receiver=5ecc4f8d2971122fe87564a0 [36m304[0m 7.367 ms - -[0m
[0mGET / [36m304[0m 1217.688 ms - -[0m
[0mGET / [32m200[0m 24.052 ms - 5454[0m
[0mGET /favicon.ico [33m404[0m 355.036 ms - 150[0m
[0mGET / [36m304[0m 37.403 ms - -[0m
[0mGET / [36m304[0m 42.515 ms - -[0m
[0mGET / [36m304[0m 56.136 ms - -[0m
[0mGET / [36m304[0m 581.636 ms - -[0m
[0mGET / [36m304[0m 128.317 ms - -[0m
[0mGET / [32m200[0m 777.298 ms - 1973[0m
[0mGET /favicon.ico [33m404[0m 6.268 ms - 150[0m
[0mGET /users/sign-in [36m304[0m 94.531 ms - -[0m
[0mPOST /users/login [36m302[0m 88.991 ms - 122[0m
[0mGET /users/sign-in [36m302[0m 3.224 ms - 122[0m
[0mGET /users/profile/5ed5b9c121402f1cec810815 [36m302[0m 2.163 ms - 72[0m
[0mGET /users/profile/5ed5b9c121402f1cec810815 [32m200[0m 232.872 ms - 3095[0m
[0mGET / [32m200[0m 152.433 ms - 5454[0m
[0mGET /chatting/get-chat-box?sender=5ed5b9c121402f1cec810815&receiver=5ec9e76e7c875f27ac6b787d [36m304[0m 51.587 ms - -[0m
[0mGET /chatting/get-chat-box?sender=5ed5b9c121402f1cec810815&receiver=5ecc4f8d2971122fe87564a0 [36m304[0m 9.799 ms - -[0m
[0mGET /chatting/get-chat-box?sender=5ed5b9c121402f1cec810815&receiver=5ee0f159fc170c3930582b90 [32m200[0m 39.340 ms - 133[0m
